[I 22:44:04.826 NotebookApp] Writing notebook server cookie secret to /run/user/1001/jupyter/notebook_cookie_secret
[W 22:44:07.169 NotebookApp] WARNING: The notebook server is listening on all IP addresses and not using encryption. This is not recommended.
[I 22:44:07.388 NotebookApp] JupyterLab extension loaded from /home/zhangjitao0405/anaconda3/lib/python3.7/site-packages/jupyterlab
[I 22:44:07.388 NotebookApp] JupyterLab application directory is /home/zhangjitao0405/anaconda3/share/jupyter/lab
[I 22:44:07.409 NotebookApp] Serving notebooks from local directory: /home/zhangjitao0405/uci-cs273
[I 22:44:07.409 NotebookApp] The Jupyter Notebook is running at:
[I 22:44:07.409 NotebookApp] http://(jupyter or 127.0.0.1):5000/?token=44139ed3d669022a6a5d569ea07d10295aa65fe6f0c7c1e3
[I 22:44:07.409 NotebookApp] Use Control-C to stop this server and shut down all kernels (twice to skip confirmation).
[C 22:44:07.409 NotebookApp] 
    
    Copy/paste this URL into your browser when you connect for the first time,
    to login with a token:
        http://(jupyter or 127.0.0.1):5000/?token=44139ed3d669022a6a5d569ea07d10295aa65fe6f0c7c1e3
[I 22:45:26.129 NotebookApp] 302 GET / (98.164.255.165) 0.64ms
[W 22:45:26.225 NotebookApp] Clearing invalid/expired login cookie username-35-243-136-73-5000
[W 22:45:26.225 NotebookApp] Clearing invalid/expired login cookie username-35-243-136-73-5000
[I 22:45:26.225 NotebookApp] 302 GET /tree? (98.164.255.165) 1.43ms
[I 22:45:36.966 NotebookApp] 302 POST /login?next=%2Ftree%3F (98.164.255.165) 1.19ms
[I 22:45:47.561 NotebookApp] Kernel started: 1152a565-6ff8-47f1-9151-680c15295bac
[I 22:45:48.478 NotebookApp] Adapting to protocol v5.1 for kernel 1152a565-6ff8-47f1-9151-680c15295bac
[I 22:47:47.957 NotebookApp] Saving file at /HW4/Homework4_11_20.ipynb
[I 22:49:47.664 NotebookApp] Saving file at /HW4/Homework4_11_20.ipynb
[I 22:51:47.598 NotebookApp] Saving file at /HW4/Homework4_11_20.ipynb
[I 22:53:48.259 NotebookApp] Saving file at /HW4/Homework4_11_20.ipynb
[I 22:55:47.538 NotebookApp] Saving file at /HW4/Homework4_11_20.ipynb
[I 22:57:48.189 NotebookApp] Saving file at /HW4/Homework4_11_20.ipynb
[I 22:59:48.191 NotebookApp] Saving file at /HW4/Homework4_11_20.ipynb
[I 23:01:48.500 NotebookApp] Saving file at /HW4/Homework4_11_20.ipynb
[I 23:15:47.976 NotebookApp] Saving file at /HW4/Homework4_11_20.ipynb
[I 23:17:47.644 NotebookApp] Saving file at /HW4/Homework4_11_20.ipynb
[I 23:19:47.531 NotebookApp] Saving file at /HW4/Homework4_11_20.ipynb
[I 23:21:48.216 NotebookApp] Saving file at /HW4/Homework4_11_20.ipynb
[I 23:23:48.325 NotebookApp] Saving file at /HW4/Homework4_11_20.ipynb
[I 23:25:48.140 NotebookApp] Saving file at /HW4/Homework4_11_20.ipynb
[I 23:27:48.462 NotebookApp] Saving file at /HW4/Homework4_11_20.ipynb
[I 23:29:48.990 NotebookApp] Saving file at /HW4/Homework4_11_20.ipynb
[I 23:31:48.354 NotebookApp] Saving file at /HW4/Homework4_11_20.ipynb
[I 23:33:48.448 NotebookApp] Saving file at /HW4/Homework4_11_20.ipynb
[I 23:35:48.449 NotebookApp] Saving file at /HW4/Homework4_11_20.ipynb
[I 23:37:52.372 NotebookApp] Saving file at /HW4/Homework4_11_20.ipynb
[I 23:39:48.142 NotebookApp] Saving file at /HW4/Homework4_11_20.ipynb
[I 23:41:49.604 NotebookApp] Saving file at /HW4/Homework4_11_20.ipynb
[I 23:43:48.511 NotebookApp] Saving file at /HW4/Homework4_11_20.ipynb
[I 23:45:49.061 NotebookApp] Saving file at /HW4/Homework4_11_20.ipynb
[I 23:47:51.552 NotebookApp] Saving file at /HW4/Homework4_11_20.ipynb
[I 23:49:48.922 NotebookApp] Saving file at /HW4/Homework4_11_20.ipynb
[I 23:53:48.708 NotebookApp] Saving file at /HW4/Homework4_11_20.ipynb
[I 23:59:48.662 NotebookApp] Saving file at /HW4/Homework4_11_20.ipynb
[I 00:01:48.470 NotebookApp] Saving file at /HW4/Homework4_11_20.ipynb
[I 00:03:48.477 NotebookApp] Saving file at /HW4/Homework4_11_20.ipynb
[I 00:07:47.983 NotebookApp] Saving file at /HW4/Homework4_11_20.ipynb
[I 00:09:47.714 NotebookApp] Saving file at /HW4/Homework4_11_20.ipynb
[I 00:10:06.940 NotebookApp] 302 GET / (98.164.255.165) 0.45ms
[W 00:10:13.694 NotebookApp] delete /HW4/Y_submit.txt
[I 00:10:26.478 NotebookApp] 302 GET / (98.164.255.165) 0.45ms
[I 00:11:48.607 NotebookApp] Saving file at /HW4/Homework4_11_20.ipynb
[I 00:15:47.688 NotebookApp] Saving file at /HW4/Homework4_11_20.ipynb
[W 00:16:49.688 NotebookApp] delete /HW4/Y_submit.txt
[I 00:17:21.291 NotebookApp] Saving file at /HW4/Homework4_11_20.ipynb
[I 00:17:28.217 NotebookApp] Saving file at /HW4/Homework4_11_20.ipynb
[I 00:17:31.295 NotebookApp] Starting buffering for 1152a565-6ff8-47f1-9151-680c15295bac:2d3a3fc6f8e54dc486ac7dba57ea68ee
[C 00:21:04.739 NotebookApp] received signal 15, stopping
[I 00:21:04.739 NotebookApp] Shutting down 1 kernel
[I 00:21:04.840 NotebookApp] Kernel shutdown: 1152a565-6ff8-47f1-9151-680c15295bac
[I 18:11:24.702 NotebookApp] Writing notebook server cookie secret to /run/user/1001/jupyter/notebook_cookie_secret
[W 18:11:27.699 NotebookApp] WARNING: The notebook server is listening on all IP addresses and not using encryption. This is not recommended.
[I 18:11:27.952 NotebookApp] JupyterLab extension loaded from /home/zhangjitao0405/anaconda3/lib/python3.7/site-packages/jupyterlab
[I 18:11:27.952 NotebookApp] JupyterLab application directory is /home/zhangjitao0405/anaconda3/share/jupyter/lab
[I 18:11:27.959 NotebookApp] Serving notebooks from local directory: /home/zhangjitao0405/uci-cs273
[I 18:11:27.959 NotebookApp] The Jupyter Notebook is running at:
[I 18:11:27.959 NotebookApp] http://(jupyter or 127.0.0.1):5000/?token=91c115a06d7b311d46713785c1742d2abd9c7c9613b488ff
[I 18:11:27.959 NotebookApp] Use Control-C to stop this server and shut down all kernels (twice to skip confirmation).
[C 18:11:27.959 NotebookApp] 
    
    Copy/paste this URL into your browser when you connect for the first time,
    to login with a token:
        http://(jupyter or 127.0.0.1):5000/?token=91c115a06d7b311d46713785c1742d2abd9c7c9613b488ff
[I 18:11:56.954 NotebookApp] 302 GET / (98.164.255.165) 0.45ms
[W 18:11:57.046 NotebookApp] Clearing invalid/expired login cookie username-35-243-136-73-5000
[W 18:11:57.047 NotebookApp] Clearing invalid/expired login cookie username-35-243-136-73-5000
[I 18:11:57.047 NotebookApp] 302 GET /tree? (98.164.255.165) 1.18ms
[I 18:12:03.174 NotebookApp] 302 POST /login?next=%2Ftree%3F (98.164.255.165) 0.89ms
[W 18:12:12.985 NotebookApp] delete /HW4/Y_submit.txt
[I 18:12:16.785 NotebookApp] Kernel started: ab31cf6d-6dfe-4695-bcd4-44d1293619cf
[I 18:12:17.423 NotebookApp] Adapting to protocol v5.1 for kernel ab31cf6d-6dfe-4695-bcd4-44d1293619cf
[I 18:14:17.974 NotebookApp] Saving file at /HW4/Homework4_11_20.ipynb
[I 18:15:12.227 NotebookApp] Saving file at /HW4/Homework4_11_20.ipynb
[I 18:15:13.610 NotebookApp] Starting buffering for ab31cf6d-6dfe-4695-bcd4-44d1293619cf:99b13744f4e644ba9d1095be04cff4a0
[I 18:15:18.016 NotebookApp] Adapting to protocol v5.1 for kernel ab31cf6d-6dfe-4695-bcd4-44d1293619cf
[I 18:15:19.368 NotebookApp] Starting buffering for ab31cf6d-6dfe-4695-bcd4-44d1293619cf:542f0db841f24bb88dc54bb7c4423e0c
[I 18:15:19.574 NotebookApp] Kernel shutdown: ab31cf6d-6dfe-4695-bcd4-44d1293619cf
[C 18:15:31.945 NotebookApp] received signal 15, stopping
[I 18:15:31.946 NotebookApp] Shutting down 0 kernels
[I 17:34:46.867 NotebookApp] Writing notebook server cookie secret to /run/user/1001/jupyter/notebook_cookie_secret
[W 17:34:50.057 NotebookApp] WARNING: The notebook server is listening on all IP addresses and not using encryption. This is not recommended.
[I 17:34:50.451 NotebookApp] JupyterLab extension loaded from /home/zhangjitao0405/anaconda3/lib/python3.7/site-packages/jupyterlab
[I 17:34:50.451 NotebookApp] JupyterLab application directory is /home/zhangjitao0405/anaconda3/share/jupyter/lab
[I 17:34:50.482 NotebookApp] Serving notebooks from local directory: /home/zhangjitao0405/uci-cs273
[I 17:34:50.483 NotebookApp] The Jupyter Notebook is running at:
[I 17:34:50.483 NotebookApp] http://(jupyter or 127.0.0.1):5000/?token=da9dacb05162b895826903b1c4c025cb41129f6f042ed02d
[I 17:34:50.483 NotebookApp] Use Control-C to stop this server and shut down all kernels (twice to skip confirmation).
[C 17:34:50.483 NotebookApp] 
    
    Copy/paste this URL into your browser when you connect for the first time,
    to login with a token:
        http://(jupyter or 127.0.0.1):5000/?token=da9dacb05162b895826903b1c4c025cb41129f6f042ed02d
[I 17:34:51.888 NotebookApp] 302 GET / (98.164.255.165) 0.62ms
[W 17:34:51.978 NotebookApp] Clearing invalid/expired login cookie username-35-243-136-73-5000
[W 17:34:51.978 NotebookApp] Clearing invalid/expired login cookie username-35-243-136-73-5000
[I 17:34:51.979 NotebookApp] 302 GET /tree? (98.164.255.165) 1.78ms
[I 17:35:05.267 NotebookApp] 302 POST /login?next=%2Ftree%3F (98.164.255.165) 1.21ms
[I 17:35:18.072 NotebookApp] Kernel started: 27b1dcb9-9deb-4291-aa40-522bc2ba80f6
[I 17:35:18.699 NotebookApp] Adapting to protocol v5.1 for kernel 27b1dcb9-9deb-4291-aa40-522bc2ba80f6
[W 17:35:49.441 NotebookApp] delete /HW4/Y_submit.txt
[I 17:37:18.862 NotebookApp] Saving file at /HW4/Homework4_11_20.ipynb
[I 17:38:23.539 NotebookApp] Starting buffering for 27b1dcb9-9deb-4291-aa40-522bc2ba80f6:bb2f7aea0aa2437cbb5895258a1dde6c
[I 17:38:23.942 NotebookApp] Kernel shutdown: 27b1dcb9-9deb-4291-aa40-522bc2ba80f6
[C 17:38:35.271 NotebookApp] received signal 15, stopping
[I 17:38:35.272 NotebookApp] Shutting down 0 kernels
[I 17:43:10.252 NotebookApp] Writing notebook server cookie secret to /run/user/1001/jupyter/notebook_cookie_secret
[W 17:43:12.422 NotebookApp] WARNING: The notebook server is listening on all IP addresses and not using encryption. This is not recommended.
[I 17:43:12.699 NotebookApp] JupyterLab extension loaded from /home/zhangjitao0405/anaconda3/lib/python3.7/site-packages/jupyterlab
[I 17:43:12.699 NotebookApp] JupyterLab application directory is /home/zhangjitao0405/anaconda3/share/jupyter/lab
[I 17:43:12.704 NotebookApp] Serving notebooks from local directory: /home/zhangjitao0405/uci-cs273
[I 17:43:12.704 NotebookApp] The Jupyter Notebook is running at:
[I 17:43:12.704 NotebookApp] http://(jupyter or 127.0.0.1):5000/?token=34e0a5a73bb1e72d938c242fb7f2b644b1f23899e7d5dd20
[I 17:43:12.704 NotebookApp] Use Control-C to stop this server and shut down all kernels (twice to skip confirmation).
[C 17:43:12.704 NotebookApp] 
    
    Copy/paste this URL into your browser when you connect for the first time,
    to login with a token:
        http://(jupyter or 127.0.0.1):5000/?token=34e0a5a73bb1e72d938c242fb7f2b644b1f23899e7d5dd20
[I 17:43:18.392 NotebookApp] 302 GET / (98.164.255.165) 0.69ms
[W 17:43:18.507 NotebookApp] Clearing invalid/expired login cookie username-35-243-136-73-5000
[W 17:43:18.508 NotebookApp] Clearing invalid/expired login cookie username-35-243-136-73-5000
[I 17:43:18.508 NotebookApp] 302 GET /tree? (98.164.255.165) 1.54ms
[I 17:43:31.845 NotebookApp] 302 POST /login?next=%2Ftree%3F (98.164.255.165) 1.21ms
[W 17:43:44.394 NotebookApp] delete /HW4/Y_submit.txt
[I 17:43:47.032 NotebookApp] Kernel started: a2848b8c-1726-4081-8119-b300f2cdd466
[I 17:43:47.626 NotebookApp] Adapting to protocol v5.1 for kernel a2848b8c-1726-4081-8119-b300f2cdd466
[I 17:45:39.588 NotebookApp] Starting buffering for a2848b8c-1726-4081-8119-b300f2cdd466:43fe24fcd2e748668a44df43091b440e
[I 17:45:39.893 NotebookApp] Kernel shutdown: a2848b8c-1726-4081-8119-b300f2cdd466
[I 17:45:44.648 NotebookApp] Saving file at /HW4/Homework4_11_20.ipynb
[W 17:47:10.636 NotebookApp] delete /HW4/Y_submit.txt
[I 17:47:51.017 NotebookApp] Saving file at /HW4/Homework4_11_20.ipynb
[I 17:47:56.643 NotebookApp] Kernel started: 1b850b41-eda2-4a9b-8e0a-5120184b5932
[W 17:48:56.893 NotebookApp] Timeout waiting for kernel_info reply from 1b850b41-eda2-4a9b-8e0a-5120184b5932
[I 17:50:57.387 NotebookApp] Adapting to protocol v5.1 for kernel 1b850b41-eda2-4a9b-8e0a-5120184b5932
[I 17:51:07.608 NotebookApp] Starting buffering for 1b850b41-eda2-4a9b-8e0a-5120184b5932:5ffb4c3a0d8e4113b39aa960189c260a
[I 17:53:09.654 NotebookApp] Saving file at /HW4/Homework4_11_20.ipynb
[I 17:53:43.021 NotebookApp] Starting buffering for 1b850b41-eda2-4a9b-8e0a-5120184b5932:4b8c226ea04c4867973aac398866239f
[I 17:53:43.327 NotebookApp] Kernel shutdown: 1b850b41-eda2-4a9b-8e0a-5120184b5932
[C 17:53:55.262 NotebookApp] received signal 15, stopping
[I 17:53:55.263 NotebookApp] Shutting down 0 kernels
[I 17:06:28.548 NotebookApp] Writing notebook server cookie secret to /run/user/1001/jupyter/notebook_cookie_secret
[W 17:06:31.573 NotebookApp] WARNING: The notebook server is listening on all IP addresses and not using encryption. This is not recommended.
[I 17:06:31.822 NotebookApp] JupyterLab extension loaded from /home/zhangjitao0405/anaconda3/lib/python3.7/site-packages/jupyterlab
[I 17:06:31.822 NotebookApp] JupyterLab application directory is /home/zhangjitao0405/anaconda3/share/jupyter/lab
[I 17:06:31.828 NotebookApp] Serving notebooks from local directory: /home/zhangjitao0405/uci-cs273
[I 17:06:31.828 NotebookApp] The Jupyter Notebook is running at:
[I 17:06:31.828 NotebookApp] http://(jupyter or 127.0.0.1):5000/?token=d65bf2f6a0c3b84cd159d43aa00bde7bd2cc06468de4290c
[I 17:06:31.828 NotebookApp] Use Control-C to stop this server and shut down all kernels (twice to skip confirmation).
[C 17:06:31.828 NotebookApp] 
    
    Copy/paste this URL into your browser when you connect for the first time,
    to login with a token:
        http://(jupyter or 127.0.0.1):5000/?token=d65bf2f6a0c3b84cd159d43aa00bde7bd2cc06468de4290c
[I 17:06:35.980 NotebookApp] 302 GET / (98.164.255.165) 0.54ms
[W 17:06:36.097 NotebookApp] Clearing invalid/expired login cookie username-35-243-136-73-5000
[W 17:06:36.097 NotebookApp] Clearing invalid/expired login cookie username-35-243-136-73-5000
[I 17:06:36.098 NotebookApp] 302 GET /tree? (98.164.255.165) 1.57ms
[W 17:06:49.653 NotebookApp] 401 POST /login?next=%2Ftree%3F (98.164.255.165) 1.58ms referer=http://35.243.136.73:5000/login?next=%2Ftree%3F
[I 17:07:00.385 NotebookApp] 302 POST /login?next=%2Ftree%3F (98.164.255.165) 1.14ms
[W 17:07:11.078 NotebookApp] delete /HW4/Y_submit.txt
[I 17:07:19.941 NotebookApp] Kernel started: 0b8f237b-5171-4a71-bcc3-157fbfc65e23
[I 17:07:20.639 NotebookApp] Adapting to protocol v5.1 for kernel 0b8f237b-5171-4a71-bcc3-157fbfc65e23
[I 17:09:20.862 NotebookApp] Saving file at /HW4/Homework4_11_20.ipynb
[W 17:09:25.284 NotebookApp] delete /HW4/Y_submit.txt
[I 17:11:20.520 NotebookApp] Saving file at /HW4/Homework4_11_20.ipynb
[I 17:13:20.015 NotebookApp] Saving file at /HW4/Homework4_11_20.ipynb
[I 17:13:31.361 NotebookApp] Starting buffering for 0b8f237b-5171-4a71-bcc3-157fbfc65e23:35b4882ba49f40f481929704cd3a8869
[I 17:13:31.667 NotebookApp] Kernel shutdown: 0b8f237b-5171-4a71-bcc3-157fbfc65e23
[I 17:14:35.291 NotebookApp] Kernel started: 6fd2f8c3-2725-4306-bde6-1ef86c6f8960
[I 17:14:35.673 NotebookApp] Adapting to protocol v5.1 for kernel 6fd2f8c3-2725-4306-bde6-1ef86c6f8960
[I 17:15:32.310 NotebookApp] Starting buffering for 6fd2f8c3-2725-4306-bde6-1ef86c6f8960:c5d32e209d9c48e980ce5e080e6dc24a
[I 17:15:33.096 NotebookApp] Kernel shutdown: 6fd2f8c3-2725-4306-bde6-1ef86c6f8960
[I 17:15:36.251 NotebookApp] Saving file at /HW4/Homework4_11_20.ipynb
[W 17:15:40.217 NotebookApp] 404 DELETE /api/sessions/681a0338-81fa-4429-8439-a6129a5e35ec (98.164.255.165): Session not found: session_id='681a0338-81fa-4429-8439-a6129a5e35ec'
[W 17:15:40.217 NotebookApp] Session not found: session_id='681a0338-81fa-4429-8439-a6129a5e35ec'
[W 17:15:40.218 NotebookApp] 404 DELETE /api/sessions/681a0338-81fa-4429-8439-a6129a5e35ec (98.164.255.165) 1.44ms referer=http://35.243.136.73:5000/notebooks/HW4/Homework4_11_20.ipynb
[I 17:21:44.895 NotebookApp] Uploading file to /HW4/Homework4_11_20.pdf
